<?xml version="1.0" encoding="UTF-8"?>
<testsuite xmlns:xsi="http://www.w3.org/2001/XMLSchema-instance" xsi:noNamespaceSchemaLocation="https://maven.apache.org/surefire/maven-surefire-plugin/xsd/surefire-test-report.xsd" name="com.yd.chatgpt.ChatGptApplicationTests" time="3.254" tests="1" errors="0" skipped="0" failures="0">
  <properties>
    <property name="sun.desktop" value="windows"/>
    <property name="awt.toolkit" value="sun.awt.windows.WToolkit"/>
    <property name="file.encoding.pkg" value="sun.io"/>
    <property name="java.specification.version" value="1.8"/>
    <property name="sun.cpu.isalist" value="amd64"/>
    <property name="sun.jnu.encoding" value="GBK"/>
    <property name="java.class.path" value="G:\DevToolWorkSpace\idea\FlowableDemo\ChatGpt\target\test-classes;G:\DevToolWorkSpace\idea\FlowableDemo\ChatGpt\target\classes;G:\DevToolWorkSpace\repository\repository\org\springframework\boot\spring-boot-starter-web\2.7.8\spring-boot-starter-web-2.7.8.jar;G:\DevToolWorkSpace\repository\repository\org\springframework\boot\spring-boot-starter\2.7.8\spring-boot-starter-2.7.8.jar;G:\DevToolWorkSpace\repository\repository\org\springframework\boot\spring-boot-starter-logging\2.7.8\spring-boot-starter-logging-2.7.8.jar;G:\DevToolWorkSpace\repository\repository\ch\qos\logback\logback-classic\1.2.11\logback-classic-1.2.11.jar;G:\DevToolWorkSpace\repository\repository\ch\qos\logback\logback-core\1.2.11\logback-core-1.2.11.jar;G:\DevToolWorkSpace\repository\repository\org\apache\logging\log4j\log4j-to-slf4j\2.17.2\log4j-to-slf4j-2.17.2.jar;G:\DevToolWorkSpace\repository\repository\org\apache\logging\log4j\log4j-api\2.17.2\log4j-api-2.17.2.jar;G:\DevToolWorkSpace\repository\repository\org\slf4j\jul-to-slf4j\1.7.36\jul-to-slf4j-1.7.36.jar;G:\DevToolWorkSpace\repository\repository\jakarta\annotation\jakarta.annotation-api\1.3.5\jakarta.annotation-api-1.3.5.jar;G:\DevToolWorkSpace\repository\repository\org\yaml\snakeyaml\1.30\snakeyaml-1.30.jar;G:\DevToolWorkSpace\repository\repository\org\springframework\boot\spring-boot-starter-json\2.7.8\spring-boot-starter-json-2.7.8.jar;G:\DevToolWorkSpace\repository\repository\com\fasterxml\jackson\core\jackson-databind\2.13.4.2\jackson-databind-2.13.4.2.jar;G:\DevToolWorkSpace\repository\repository\com\fasterxml\jackson\core\jackson-annotations\2.13.4\jackson-annotations-2.13.4.jar;G:\DevToolWorkSpace\repository\repository\com\fasterxml\jackson\core\jackson-core\2.13.4\jackson-core-2.13.4.jar;G:\DevToolWorkSpace\repository\repository\com\fasterxml\jackson\datatype\jackson-datatype-jdk8\2.13.4\jackson-datatype-jdk8-2.13.4.jar;G:\DevToolWorkSpace\repository\repository\com\fasterxml\jackson\datatype\jackson-datatype-jsr310\2.13.4\jackson-datatype-jsr310-2.13.4.jar;G:\DevToolWorkSpace\repository\repository\com\fasterxml\jackson\module\jackson-module-parameter-names\2.13.4\jackson-module-parameter-names-2.13.4.jar;G:\DevToolWorkSpace\repository\repository\org\springframework\boot\spring-boot-starter-tomcat\2.7.8\spring-boot-starter-tomcat-2.7.8.jar;G:\DevToolWorkSpace\repository\repository\org\apache\tomcat\embed\tomcat-embed-core\9.0.71\tomcat-embed-core-9.0.71.jar;G:\DevToolWorkSpace\repository\repository\org\apache\tomcat\embed\tomcat-embed-el\9.0.71\tomcat-embed-el-9.0.71.jar;G:\DevToolWorkSpace\repository\repository\org\apache\tomcat\embed\tomcat-embed-websocket\9.0.71\tomcat-embed-websocket-9.0.71.jar;G:\DevToolWorkSpace\repository\repository\org\springframework\spring-web\5.3.25\spring-web-5.3.25.jar;G:\DevToolWorkSpace\repository\repository\org\springframework\spring-beans\5.3.25\spring-beans-5.3.25.jar;G:\DevToolWorkSpace\repository\repository\org\springframework\spring-webmvc\5.3.25\spring-webmvc-5.3.25.jar;G:\DevToolWorkSpace\repository\repository\org\springframework\spring-aop\5.3.25\spring-aop-5.3.25.jar;G:\DevToolWorkSpace\repository\repository\org\springframework\spring-context\5.3.25\spring-context-5.3.25.jar;G:\DevToolWorkSpace\repository\repository\org\springframework\spring-expression\5.3.25\spring-expression-5.3.25.jar;G:\DevToolWorkSpace\repository\repository\com\alibaba\fastjson\1.2.83\fastjson-1.2.83.jar;G:\DevToolWorkSpace\repository\repository\org\springframework\boot\spring-boot-devtools\2.7.8\spring-boot-devtools-2.7.8.jar;G:\DevToolWorkSpace\repository\repository\org\springframework\boot\spring-boot\2.7.8\spring-boot-2.7.8.jar;G:\DevToolWorkSpace\repository\repository\org\springframework\boot\spring-boot-autoconfigure\2.7.8\spring-boot-autoconfigure-2.7.8.jar;G:\DevToolWorkSpace\repository\repository\org\projectlombok\lombok\1.18.24\lombok-1.18.24.jar;G:\DevToolWorkSpace\repository\repository\org\springframework\boot\spring-boot-starter-test\2.7.8\spring-boot-starter-test-2.7.8.jar;G:\DevToolWorkSpace\repository\repository\org\springframework\boot\spring-boot-test\2.7.8\spring-boot-test-2.7.8.jar;G:\DevToolWorkSpace\repository\repository\org\springframework\boot\spring-boot-test-autoconfigure\2.7.8\spring-boot-test-autoconfigure-2.7.8.jar;G:\DevToolWorkSpace\repository\repository\com\jayway\jsonpath\json-path\2.7.0\json-path-2.7.0.jar;G:\DevToolWorkSpace\repository\repository\net\minidev\json-smart\2.4.8\json-smart-2.4.8.jar;G:\DevToolWorkSpace\repository\repository\net\minidev\accessors-smart\2.4.8\accessors-smart-2.4.8.jar;G:\DevToolWorkSpace\repository\repository\org\ow2\asm\asm\9.1\asm-9.1.jar;G:\DevToolWorkSpace\repository\repository\org\slf4j\slf4j-api\1.7.36\slf4j-api-1.7.36.jar;G:\DevToolWorkSpace\repository\repository\jakarta\xml\bind\jakarta.xml.bind-api\2.3.3\jakarta.xml.bind-api-2.3.3.jar;G:\DevToolWorkSpace\repository\repository\jakarta\activation\jakarta.activation-api\1.2.2\jakarta.activation-api-1.2.2.jar;G:\DevToolWorkSpace\repository\repository\org\assertj\assertj-core\3.22.0\assertj-core-3.22.0.jar;G:\DevToolWorkSpace\repository\repository\org\hamcrest\hamcrest\2.2\hamcrest-2.2.jar;G:\DevToolWorkSpace\repository\repository\org\junit\jupiter\junit-jupiter\5.8.2\junit-jupiter-5.8.2.jar;G:\DevToolWorkSpace\repository\repository\org\junit\jupiter\junit-jupiter-api\5.8.2\junit-jupiter-api-5.8.2.jar;G:\DevToolWorkSpace\repository\repository\org\opentest4j\opentest4j\1.2.0\opentest4j-1.2.0.jar;G:\DevToolWorkSpace\repository\repository\org\junit\platform\junit-platform-commons\1.8.2\junit-platform-commons-1.8.2.jar;G:\DevToolWorkSpace\repository\repository\org\apiguardian\apiguardian-api\1.1.2\apiguardian-api-1.1.2.jar;G:\DevToolWorkSpace\repository\repository\org\junit\jupiter\junit-jupiter-params\5.8.2\junit-jupiter-params-5.8.2.jar;G:\DevToolWorkSpace\repository\repository\org\junit\jupiter\junit-jupiter-engine\5.8.2\junit-jupiter-engine-5.8.2.jar;G:\DevToolWorkSpace\repository\repository\org\junit\platform\junit-platform-engine\1.8.2\junit-platform-engine-1.8.2.jar;G:\DevToolWorkSpace\repository\repository\org\mockito\mockito-core\4.5.1\mockito-core-4.5.1.jar;G:\DevToolWorkSpace\repository\repository\net\bytebuddy\byte-buddy\1.12.22\byte-buddy-1.12.22.jar;G:\DevToolWorkSpace\repository\repository\net\bytebuddy\byte-buddy-agent\1.12.22\byte-buddy-agent-1.12.22.jar;G:\DevToolWorkSpace\repository\repository\org\objenesis\objenesis\3.2\objenesis-3.2.jar;G:\DevToolWorkSpace\repository\repository\org\mockito\mockito-junit-jupiter\4.5.1\mockito-junit-jupiter-4.5.1.jar;G:\DevToolWorkSpace\repository\repository\org\skyscreamer\jsonassert\1.5.1\jsonassert-1.5.1.jar;G:\DevToolWorkSpace\repository\repository\com\vaadin\external\google\android-json\0.0.20131108.vaadin1\android-json-0.0.20131108.vaadin1.jar;G:\DevToolWorkSpace\repository\repository\org\springframework\spring-core\5.3.25\spring-core-5.3.25.jar;G:\DevToolWorkSpace\repository\repository\org\springframework\spring-jcl\5.3.25\spring-jcl-5.3.25.jar;G:\DevToolWorkSpace\repository\repository\org\springframework\spring-test\5.3.25\spring-test-5.3.25.jar;G:\DevToolWorkSpace\repository\repository\org\xmlunit\xmlunit-core\2.9.1\xmlunit-core-2.9.1.jar;G:\DevToolWorkSpace\repository\repository\cn\hutool\hutool-all\5.8.0\hutool-all-5.8.0.jar;"/>
    <property name="java.vm.vendor" value="Oracle Corporation"/>
    <property name="sun.arch.data.model" value="64"/>
    <property name="user.variant" value=""/>
    <property name="java.vendor.url" value="http://java.oracle.com/"/>
    <property name="user.timezone" value="Asia/Shanghai"/>
    <property name="java.vm.specification.version" value="1.8"/>
    <property name="os.name" value="Windows 10"/>
    <property name="user.country" value="CN"/>
    <property name="sun.java.launcher" value="SUN_STANDARD"/>
    <property name="sun.boot.library.path" value="C:\Program Files\Java\jdk1.8.0_291\jre\bin"/>
    <property name="sun.java.command" value="C:\Users\Adminyd\AppData\Local\Temp\surefire3783553040690570545\surefirebooter2006600551671584928.jar C:\Users\Adminyd\AppData\Local\Temp\surefire3783553040690570545 2023-02-24T17-18-58_674-jvmRun1 surefire6614986901298362667tmp surefire_05842527091133601610tmp"/>
    <property name="surefire.test.class.path" value="G:\DevToolWorkSpace\idea\FlowableDemo\ChatGpt\target\test-classes;G:\DevToolWorkSpace\idea\FlowableDemo\ChatGpt\target\classes;G:\DevToolWorkSpace\repository\repository\org\springframework\boot\spring-boot-starter-web\2.7.8\spring-boot-starter-web-2.7.8.jar;G:\DevToolWorkSpace\repository\repository\org\springframework\boot\spring-boot-starter\2.7.8\spring-boot-starter-2.7.8.jar;G:\DevToolWorkSpace\repository\repository\org\springframework\boot\spring-boot-starter-logging\2.7.8\spring-boot-starter-logging-2.7.8.jar;G:\DevToolWorkSpace\repository\repository\ch\qos\logback\logback-classic\1.2.11\logback-classic-1.2.11.jar;G:\DevToolWorkSpace\repository\repository\ch\qos\logback\logback-core\1.2.11\logback-core-1.2.11.jar;G:\DevToolWorkSpace\repository\repository\org\apache\logging\log4j\log4j-to-slf4j\2.17.2\log4j-to-slf4j-2.17.2.jar;G:\DevToolWorkSpace\repository\repository\org\apache\logging\log4j\log4j-api\2.17.2\log4j-api-2.17.2.jar;G:\DevToolWorkSpace\repository\repository\org\slf4j\jul-to-slf4j\1.7.36\jul-to-slf4j-1.7.36.jar;G:\DevToolWorkSpace\repository\repository\jakarta\annotation\jakarta.annotation-api\1.3.5\jakarta.annotation-api-1.3.5.jar;G:\DevToolWorkSpace\repository\repository\org\yaml\snakeyaml\1.30\snakeyaml-1.30.jar;G:\DevToolWorkSpace\repository\repository\org\springframework\boot\spring-boot-starter-json\2.7.8\spring-boot-starter-json-2.7.8.jar;G:\DevToolWorkSpace\repository\repository\com\fasterxml\jackson\core\jackson-databind\2.13.4.2\jackson-databind-2.13.4.2.jar;G:\DevToolWorkSpace\repository\repository\com\fasterxml\jackson\core\jackson-annotations\2.13.4\jackson-annotations-2.13.4.jar;G:\DevToolWorkSpace\repository\repository\com\fasterxml\jackson\core\jackson-core\2.13.4\jackson-core-2.13.4.jar;G:\DevToolWorkSpace\repository\repository\com\fasterxml\jackson\datatype\jackson-datatype-jdk8\2.13.4\jackson-datatype-jdk8-2.13.4.jar;G:\DevToolWorkSpace\repository\repository\com\fasterxml\jackson\datatype\jackson-datatype-jsr310\2.13.4\jackson-datatype-jsr310-2.13.4.jar;G:\DevToolWorkSpace\repository\repository\com\fasterxml\jackson\module\jackson-module-parameter-names\2.13.4\jackson-module-parameter-names-2.13.4.jar;G:\DevToolWorkSpace\repository\repository\org\springframework\boot\spring-boot-starter-tomcat\2.7.8\spring-boot-starter-tomcat-2.7.8.jar;G:\DevToolWorkSpace\repository\repository\org\apache\tomcat\embed\tomcat-embed-core\9.0.71\tomcat-embed-core-9.0.71.jar;G:\DevToolWorkSpace\repository\repository\org\apache\tomcat\embed\tomcat-embed-el\9.0.71\tomcat-embed-el-9.0.71.jar;G:\DevToolWorkSpace\repository\repository\org\apache\tomcat\embed\tomcat-embed-websocket\9.0.71\tomcat-embed-websocket-9.0.71.jar;G:\DevToolWorkSpace\repository\repository\org\springframework\spring-web\5.3.25\spring-web-5.3.25.jar;G:\DevToolWorkSpace\repository\repository\org\springframework\spring-beans\5.3.25\spring-beans-5.3.25.jar;G:\DevToolWorkSpace\repository\repository\org\springframework\spring-webmvc\5.3.25\spring-webmvc-5.3.25.jar;G:\DevToolWorkSpace\repository\repository\org\springframework\spring-aop\5.3.25\spring-aop-5.3.25.jar;G:\DevToolWorkSpace\repository\repository\org\springframework\spring-context\5.3.25\spring-context-5.3.25.jar;G:\DevToolWorkSpace\repository\repository\org\springframework\spring-expression\5.3.25\spring-expression-5.3.25.jar;G:\DevToolWorkSpace\repository\repository\com\alibaba\fastjson\1.2.83\fastjson-1.2.83.jar;G:\DevToolWorkSpace\repository\repository\org\springframework\boot\spring-boot-devtools\2.7.8\spring-boot-devtools-2.7.8.jar;G:\DevToolWorkSpace\repository\repository\org\springframework\boot\spring-boot\2.7.8\spring-boot-2.7.8.jar;G:\DevToolWorkSpace\repository\repository\org\springframework\boot\spring-boot-autoconfigure\2.7.8\spring-boot-autoconfigure-2.7.8.jar;G:\DevToolWorkSpace\repository\repository\org\projectlombok\lombok\1.18.24\lombok-1.18.24.jar;G:\DevToolWorkSpace\repository\repository\org\springframework\boot\spring-boot-starter-test\2.7.8\spring-boot-starter-test-2.7.8.jar;G:\DevToolWorkSpace\repository\repository\org\springframework\boot\spring-boot-test\2.7.8\spring-boot-test-2.7.8.jar;G:\DevToolWorkSpace\repository\repository\org\springframework\boot\spring-boot-test-autoconfigure\2.7.8\spring-boot-test-autoconfigure-2.7.8.jar;G:\DevToolWorkSpace\repository\repository\com\jayway\jsonpath\json-path\2.7.0\json-path-2.7.0.jar;G:\DevToolWorkSpace\repository\repository\net\minidev\json-smart\2.4.8\json-smart-2.4.8.jar;G:\DevToolWorkSpace\repository\repository\net\minidev\accessors-smart\2.4.8\accessors-smart-2.4.8.jar;G:\DevToolWorkSpace\repository\repository\org\ow2\asm\asm\9.1\asm-9.1.jar;G:\DevToolWorkSpace\repository\repository\org\slf4j\slf4j-api\1.7.36\slf4j-api-1.7.36.jar;G:\DevToolWorkSpace\repository\repository\jakarta\xml\bind\jakarta.xml.bind-api\2.3.3\jakarta.xml.bind-api-2.3.3.jar;G:\DevToolWorkSpace\repository\repository\jakarta\activation\jakarta.activation-api\1.2.2\jakarta.activation-api-1.2.2.jar;G:\DevToolWorkSpace\repository\repository\org\assertj\assertj-core\3.22.0\assertj-core-3.22.0.jar;G:\DevToolWorkSpace\repository\repository\org\hamcrest\hamcrest\2.2\hamcrest-2.2.jar;G:\DevToolWorkSpace\repository\repository\org\junit\jupiter\junit-jupiter\5.8.2\junit-jupiter-5.8.2.jar;G:\DevToolWorkSpace\repository\repository\org\junit\jupiter\junit-jupiter-api\5.8.2\junit-jupiter-api-5.8.2.jar;G:\DevToolWorkSpace\repository\repository\org\opentest4j\opentest4j\1.2.0\opentest4j-1.2.0.jar;G:\DevToolWorkSpace\repository\repository\org\junit\platform\junit-platform-commons\1.8.2\junit-platform-commons-1.8.2.jar;G:\DevToolWorkSpace\repository\repository\org\apiguardian\apiguardian-api\1.1.2\apiguardian-api-1.1.2.jar;G:\DevToolWorkSpace\repository\repository\org\junit\jupiter\junit-jupiter-params\5.8.2\junit-jupiter-params-5.8.2.jar;G:\DevToolWorkSpace\repository\repository\org\junit\jupiter\junit-jupiter-engine\5.8.2\junit-jupiter-engine-5.8.2.jar;G:\DevToolWorkSpace\repository\repository\org\junit\platform\junit-platform-engine\1.8.2\junit-platform-engine-1.8.2.jar;G:\DevToolWorkSpace\repository\repository\org\mockito\mockito-core\4.5.1\mockito-core-4.5.1.jar;G:\DevToolWorkSpace\repository\repository\net\bytebuddy\byte-buddy\1.12.22\byte-buddy-1.12.22.jar;G:\DevToolWorkSpace\repository\repository\net\bytebuddy\byte-buddy-agent\1.12.22\byte-buddy-agent-1.12.22.jar;G:\DevToolWorkSpace\repository\repository\org\objenesis\objenesis\3.2\objenesis-3.2.jar;G:\DevToolWorkSpace\repository\repository\org\mockito\mockito-junit-jupiter\4.5.1\mockito-junit-jupiter-4.5.1.jar;G:\DevToolWorkSpace\repository\repository\org\skyscreamer\jsonassert\1.5.1\jsonassert-1.5.1.jar;G:\DevToolWorkSpace\repository\repository\com\vaadin\external\google\android-json\0.0.20131108.vaadin1\android-json-0.0.20131108.vaadin1.jar;G:\DevToolWorkSpace\repository\repository\org\springframework\spring-core\5.3.25\spring-core-5.3.25.jar;G:\DevToolWorkSpace\repository\repository\org\springframework\spring-jcl\5.3.25\spring-jcl-5.3.25.jar;G:\DevToolWorkSpace\repository\repository\org\springframework\spring-test\5.3.25\spring-test-5.3.25.jar;G:\DevToolWorkSpace\repository\repository\org\xmlunit\xmlunit-core\2.9.1\xmlunit-core-2.9.1.jar;G:\DevToolWorkSpace\repository\repository\cn\hutool\hutool-all\5.8.0\hutool-all-5.8.0.jar;"/>
    <property name="sun.cpu.endian" value="little"/>
    <property name="user.home" value="C:\Users\Adminyd"/>
    <property name="user.language" value="zh"/>
    <property name="java.specification.vendor" value="Oracle Corporation"/>
    <property name="java.home" value="C:\Program Files\Java\jdk1.8.0_291\jre"/>
    <property name="basedir" value="G:\DevToolWorkSpace\idea\FlowableDemo\ChatGpt"/>
    <property name="file.separator" value="\"/>
    <property name="line.separator" value="&#10;"/>
    <property name="java.vm.specification.vendor" value="Oracle Corporation"/>
    <property name="java.specification.name" value="Java Platform API Specification"/>
    <property name="java.awt.graphicsenv" value="sun.awt.Win32GraphicsEnvironment"/>
    <property name="surefire.real.class.path" value="C:\Users\Adminyd\AppData\Local\Temp\surefire3783553040690570545\surefirebooter2006600551671584928.jar"/>
    <property name="sun.boot.class.path" value="C:\Program Files\Java\jdk1.8.0_291\jre\lib\resources.jar;C:\Program Files\Java\jdk1.8.0_291\jre\lib\rt.jar;C:\Program Files\Java\jdk1.8.0_291\jre\lib\sunrsasign.jar;C:\Program Files\Java\jdk1.8.0_291\jre\lib\jsse.jar;C:\Program Files\Java\jdk1.8.0_291\jre\lib\jce.jar;C:\Program Files\Java\jdk1.8.0_291\jre\lib\charsets.jar;C:\Program Files\Java\jdk1.8.0_291\jre\lib\jfr.jar;C:\Program Files\Java\jdk1.8.0_291\jre\classes"/>
    <property name="user.script" value=""/>
    <property name="sun.management.compiler" value="HotSpot 64-Bit Tiered Compilers"/>
    <property name="java.runtime.version" value="1.8.0_291-b10"/>
    <property name="user.name" value="Adminyd"/>
    <property name="path.separator" value=";"/>
    <property name="os.version" value="10.0"/>
    <property name="java.endorsed.dirs" value="C:\Program Files\Java\jdk1.8.0_291\jre\lib\endorsed"/>
    <property name="java.runtime.name" value="Java(TM) SE Runtime Environment"/>
    <property name="file.encoding" value="GBK"/>
    <property name="java.vm.name" value="Java HotSpot(TM) 64-Bit Server VM"/>
    <property name="localRepository" value="G:\DevToolWorkSpace\repository\repository"/>
    <property name="java.vendor.url.bug" value="http://bugreport.sun.com/bugreport/"/>
    <property name="java.io.tmpdir" value="C:\Users\Adminyd\AppData\Local\Temp\"/>
    <property name="idea.version" value="2021.2.1"/>
    <property name="java.version" value="1.8.0_291"/>
    <property name="user.dir" value="G:\DevToolWorkSpace\idea\FlowableDemo\ChatGpt"/>
    <property name="os.arch" value="amd64"/>
    <property name="java.vm.specification.name" value="Java Virtual Machine Specification"/>
    <property name="java.awt.printerjob" value="sun.awt.windows.WPrinterJob"/>
    <property name="sun.os.patch.level" value=""/>
    <property name="java.library.path" value="C:\Program Files\Java\jdk1.8.0_291\jre\bin;C:\Windows\Sun\Java\bin;C:\Windows\system32;C:\Windows;C:\Program Files (x86)\NVIDIA Corporation\PhysX\Common;C:\Windows\system32;C:\Windows;C:\Windows\System32\Wbem;C:\Windows\System32\WindowsPowerShell\v1.0\;C:\Windows\System32\OpenSSH\;C:\Program Files\Java\jdk1.8.0_291\bin;G:\DevToolPath\git\cmd;G:\DevToolPath\xshell\;G:\DevToolPath\xftp\;G:\DevToolWorkSpace\repository\apache-maven-3.8.2\bin;C:\Program Files\Java\jdk1.8.0_291\bin;H:\curl\curl-7.81.0-win64-mingw\I386;G:\DevToolPath\nodejs\;G:\DevToolPath\go\bin;C:\Program Files\MySQL\MySQL Shell 8.0\bin\;C:\Users\Adminyd\AppData\Local\Microsoft\WindowsApps;G:\DevToolPath\vscode\Microsoft VS Code\bin;C:\Users\Adminyd\AppData\Roaming\npm;."/>
    <property name="java.vm.info" value="mixed mode"/>
    <property name="java.vendor" value="Oracle Corporation"/>
    <property name="java.vm.version" value="25.291-b10"/>
    <property name="java.ext.dirs" value="C:\Program Files\Java\jdk1.8.0_291\jre\lib\ext;C:\Windows\Sun\Java\lib\ext"/>
    <property name="sun.io.unicode.encoding" value="UnicodeLittle"/>
    <property name="maven.repo.local" value="G:\DevToolWorkSpace\repository\repository"/>
    <property name="java.class.version" value="52.0"/>
  </properties>
  <testcase name="contextLoads" classname="com.yd.chatgpt.ChatGptApplicationTests" time="0.351"/>
</testsuite>